<?xml version="1.0" encoding="UTF-8"?>
<!-- Generated by org.testng.reporters.JUnitReportReporter -->
<testsuite hostname="Sais-MBP-2.T-mobile.com" name="com.catalog.tests.Logoff" tests="1" failures="0" timestamp="22 Apr 2017 15:31:28 GMT" time="10.938" errors="0">
  <testcase name="testLogin01" time="10.938" classname="com.catalog.tests.Logoff"/>
</testsuite> <!-- com.catalog.tests.Logoff -->
