<?xml version="1.0" encoding="UTF-8"?>
<!-- Generated by org.testng.reporters.JUnitReportReporter -->
<testsuite hostname="Sais-MBP-2.T-mobile.com" name="com.catalog.tests.Logoff" tests="1" failures="0" timestamp="22 Apr 2017 15:36:37 GMT" time="11.043" errors="0">
  <testcase name="testLogin01" time="11.043" classname="com.catalog.tests.Logoff"/>
</testsuite> <!-- com.catalog.tests.Logoff -->
